<?xml version="1.0" encoding="UTF-8"?>
<!-- Generated by org.testng.reporters.JUnitXMLReporter -->
<testsuite ignored="0" hostname="DESKTOP-SKJDOBT" failures="0" tests="3" name="Test" time="0.057" errors="0" timestamp="2025-12-03T12:30:49 IST">
  <testcase classname="jenkin.JenkinsPracticeTest" name="jenkinsPracticeTest" time="0.008"/>
  <testcase classname="github.GitHubPractiseTest" name="gitHubPractiseTest" time="0.001"/>
  <testcase classname="maven.MavenPractiseTest" name="mavenPractiseTest" time="0.002"/>
</testsuite> <!-- Test -->
