<?xml version="1.0" encoding="UTF-8"?>
<testng-results ignored="0" total="3" passed="3" failed="0" skipped="0">
  <reporter-output>
    <line>
      <![CDATA[Hi Jenkins]]>
    </line>
    <line>
      <![CDATA[Hi Github]]>
    </line>
    <line>
      <![CDATA[hi maven]]>
    </line>
  </reporter-output>
  <suite started-at="2025-12-03T12:30:49 IST" name="Suite" finished-at="2025-12-03T12:30:49 IST" duration-ms="57">
    <groups>
    </groups>
    <test started-at="2025-12-03T12:30:49 IST" name="Test" finished-at="2025-12-03T12:30:49 IST" duration-ms="57">
      <class name="jenkin.JenkinsPracticeTest">
        <test-method signature="jenkinsPracticeTest()[pri:0, instance:jenkin.JenkinsPracticeTest@6d763516]" started-at="2025-12-03T12:30:49 IST" name="jenkinsPracticeTest" finished-at="2025-12-03T12:30:49 IST" duration-ms="8" status="PASS">
          <reporter-output>
            <line>
              <![CDATA[Hi Jenkins]]>
            </line>
          </reporter-output>
        </test-method> <!-- jenkinsPracticeTest -->
      </class> <!-- jenkin.JenkinsPracticeTest -->
      <class name="maven.MavenPractiseTest">
        <test-method signature="mavenPractiseTest()[pri:0, instance:maven.MavenPractiseTest@222545dc]" started-at="2025-12-03T12:30:49 IST" name="mavenPractiseTest" finished-at="2025-12-03T12:30:49 IST" duration-ms="2" status="PASS">
          <reporter-output>
            <line>
              <![CDATA[hi maven]]>
            </line>
          </reporter-output>
        </test-method> <!-- mavenPractiseTest -->
      </class> <!-- maven.MavenPractiseTest -->
      <class name="github.GitHubPractiseTest">
        <test-method signature="gitHubPractiseTest()[pri:0, instance:github.GitHubPractiseTest@6ae5aa72]" started-at="2025-12-03T12:30:49 IST" name="gitHubPractiseTest" finished-at="2025-12-03T12:30:49 IST" duration-ms="1" status="PASS">
          <reporter-output>
            <line>
              <![CDATA[Hi Github]]>
            </line>
          </reporter-output>
        </test-method> <!-- gitHubPractiseTest -->
      </class> <!-- github.GitHubPractiseTest -->
    </test> <!-- Test -->
  </suite> <!-- Suite -->
</testng-results>
