<?xml version="1.0" encoding="UTF-8"?>
<!-- Generated by org.testng.reporters.JUnitReportReporter -->
<testsuite hostname="DESKTOP-SKJDOBT" failures="0" tests="1" name="jenkin.JenkinsPracticeTest" time="0.008" errors="0" timestamp="2025-12-03T12:30:49 IST" skipped="0">
  <testcase classname="jenkin.JenkinsPracticeTest" name="jenkinsPracticeTest" time="0.008">
    <system-out>
      <![CDATA[Hi Jenkins]]>
    </system-out>
  </testcase> <!-- jenkinsPracticeTest -->
  <system-out>
    <![CDATA[Hi Jenkins
Hi Github
hi maven]]>
  </system-out>
</testsuite> <!-- jenkin.JenkinsPracticeTest -->
