<?xml version="1.0" encoding="UTF-8"?>
<!-- Generated by org.testng.reporters.JUnitReportReporter -->
<testsuite hostname="DESKTOP-SKJDOBT" failures="0" tests="1" name="maven.MavenPractiseTest" time="0.002" errors="0" timestamp="2025-12-03T12:30:49 IST" skipped="0">
  <testcase classname="maven.MavenPractiseTest" name="mavenPractiseTest" time="0.002">
    <system-out>
      <![CDATA[hi maven]]>
    </system-out>
  </testcase> <!-- mavenPractiseTest -->
  <system-out>
    <![CDATA[Hi Jenkins
Hi Github
hi maven]]>
  </system-out>
</testsuite> <!-- maven.MavenPractiseTest -->
