<?xml version="1.0" encoding="UTF-8"?>
<!-- Generated by org.testng.reporters.JUnitReportReporter -->
<testsuite hostname="DESKTOP-SKJDOBT" failures="0" tests="1" name="github.GitHubPractiseTest" time="0.001" errors="0" timestamp="2025-12-03T12:30:49 IST" skipped="0">
  <testcase classname="github.GitHubPractiseTest" name="gitHubPractiseTest" time="0.001">
    <system-out>
      <![CDATA[Hi Github]]>
    </system-out>
  </testcase> <!-- gitHubPractiseTest -->
  <system-out>
    <![CDATA[Hi Jenkins
Hi Github
hi maven]]>
  </system-out>
</testsuite> <!-- github.GitHubPractiseTest -->
